

times in msec
 clock   self+sourced   self:  sourced script
 clock   elapsed:              other lines

000.005  000.005: --- NVIM STARTING ---
000.178  000.173: locale set
000.352  000.174: inits 1
000.362  000.010: window checked
000.386  000.024: parsing arguments
001.658  001.272: init lua interpreter
001.754  000.096: expanding arguments
001.767  000.014: inits 2
002.012  000.245: init highlight
002.013  000.001: waiting for UI
003.460  001.447: done waiting for UI
003.485  000.025: init screen for UI
003.501  000.015: init default mappings
003.524  000.023: init default autocommands
004.060  000.041  000.041: sourcing /usr/share/nvim/runtime/ftplugin.vim
004.139  000.017  000.017: sourcing /usr/share/nvim/runtime/indent.vim
004.172  000.008  000.008: sourcing /usr/share/nvim/archlinux.vim
004.174  000.021  000.012: sourcing /etc/xdg/nvim/sysinit.vim
019.512  000.144  000.144: sourcing /home/jczhang/.local/share/nvim/site/pack/packer/opt/vim-go/ftdetect/gofiletype.vim
019.588  000.031  000.031: sourcing /home/jczhang/.local/share/nvim/site/pack/packer/opt/csv.vim/ftdetect/csv.vim
019.670  000.048  000.048: sourcing /home/jczhang/.local/share/nvim/site/pack/packer/opt/rust.vim/ftdetect/rust.vim
024.109  004.330  004.330: sourcing /home/jczhang/.local/share/nvim/site/pack/packer/start/catppuccin/colors/catppuccin.vim
024.203  020.017  015.463: sourcing /home/jczhang/.config/nvim/init.lua
024.210  000.591: sourcing vimrc file(s)
024.292  000.030  000.030: sourcing /home/jczhang/.local/share/nvim/site/pack/packer/start/filetype.nvim/filetype.vim
024.409  000.035  000.035: sourcing /usr/share/nvim/runtime/filetype.lua
024.429  000.010  000.010: sourcing /usr/share/nvim/runtime/filetype.vim
024.603  000.065  000.065: sourcing /usr/share/nvim/runtime/syntax/synload.vim
024.658  000.206  000.141: sourcing /usr/share/nvim/runtime/syntax/syntax.vim
025.199  000.095  000.095: sourcing /usr/share/nvim/runtime/plugin/gzip.vim
025.214  000.005  000.005: sourcing /usr/share/nvim/runtime/plugin/health.vim
025.242  000.021  000.021: sourcing /usr/share/nvim/runtime/plugin/man.vim
025.544  000.135  000.135: sourcing /usr/share/nvim/runtime/pack/dist/opt/matchit/plugin/matchit.vim
025.594  000.345  000.210: sourcing /usr/share/nvim/runtime/plugin/matchit.vim
025.686  000.083  000.083: sourcing /usr/share/nvim/runtime/plugin/matchparen.vim
025.898  000.204  000.204: sourcing /usr/share/nvim/runtime/plugin/netrwPlugin.vim
026.719  000.107  000.107: sourcing /usr/share/nvim/runtime/autoload/remote/host.vim
027.310  000.260  000.260: sourcing /usr/share/nvim/runtime/autoload/remote/define.vim
029.014  003.010  002.642: sourcing /home/jczhang/.local/share/nvim/rplugin.vim
029.030  003.108  000.098: sourcing /usr/share/nvim/runtime/plugin/rplugin.vim
029.206  000.114  000.114: sourcing /usr/share/nvim/runtime/plugin/shada.vim
029.287  000.040  000.040: sourcing /usr/share/nvim/runtime/plugin/spellfile.vim
029.511  000.194  000.194: sourcing /usr/share/nvim/runtime/plugin/tarPlugin.vim
029.698  000.148  000.148: sourcing /usr/share/nvim/runtime/plugin/tohtml.vim
029.760  000.029  000.029: sourcing /usr/share/nvim/runtime/plugin/tutor.vim
030.071  000.283  000.283: sourcing /usr/share/nvim/runtime/plugin/zipPlugin.vim
030.854  000.125  000.125: sourcing /usr/share/nvim/runtime/autoload/provider/pythonx.vim
031.129  000.611  000.487: sourcing /usr/share/nvim/runtime/autoload/provider/python3.vim
031.252  000.969  000.358: sourcing /usr/share/vim/vimfiles/plugin/black.vim
032.272  000.975  000.975: sourcing /usr/share/vim/vimfiles/plugin/fzf.vim
032.452  000.110  000.110: sourcing /usr/share/vim/vimfiles/plugin/redact_pass.vim
033.360  000.866  000.866: sourcing /usr/share/vim/vimfiles/plugin/skim.vim
033.818  001.740: loading rtp plugins
034.326  000.029  000.029: sourcing /home/jczhang/.local/share/nvim/site/pack/packer/start/catppuccin/plugin/ctpcmds.vim
038.677  003.832  003.832: sourcing /home/jczhang/.local/share/nvim/site/pack/packer/start/mason-tool-installer.nvim/plugin/mason-tool-installer.lua
038.934  000.113  000.113: sourcing /home/jczhang/.local/share/nvim/site/pack/packer/start/nvim-dap/plugin/dap.lua
039.075  000.041  000.041: sourcing /home/jczhang/.local/share/nvim/site/pack/packer/start/nvim-web-devicons/plugin/nvim-web-devicons.vim
039.176  000.031  000.031: sourcing /home/jczhang/.local/share/nvim/site/pack/packer/start/plenary.nvim/plugin/plenary.vim
039.265  000.022  000.022: sourcing /home/jczhang/.local/share/nvim/site/pack/packer/start/vimtex/plugin/vimtex.vim
039.348  001.462: loading packages
039.362  000.014: loading after plugins
039.371  000.009: inits 3
039.586  000.215: reading ShaDa
047.794  007.550  007.550: sourcing /home/jczhang/.local/share/nvim/site/pack/packer/opt/nvim-lspconfig/plugin/lspconfig.vim
048.421  000.106  000.106: sourcing /home/jczhang/.local/share/nvim/site/pack/packer/opt/lspsaga.nvim/plugin/lspsaga.vim
048.796  000.064  000.064: sourcing /home/jczhang/.local/share/nvim/site/pack/packer/opt/vim-illuminate/plugin/illuminate.vim
064.121  000.011  000.011: sourcing /home/jczhang/.local/share/nvim/site/pack/packer/opt/lspsaga.nvim/plugin/lspsaga.vim
068.494  000.122  000.122: sourcing /home/jczhang/.local/share/nvim/site/pack/packer/opt/hop.nvim/plugin/hop.vim
073.434  001.691  001.691: sourcing /home/jczhang/.local/share/nvim/site/pack/packer/opt/indent-blankline.nvim/plugin/indent_blankline.vim
073.727  000.026  000.026: sourcing /home/jczhang/.local/share/nvim/site/pack/packer/opt/nvim-colorizer.lua/plugin/colorizer.vim
081.968  004.817  004.817: sourcing /home/jczhang/.local/share/nvim/site/pack/packer/opt/nvim-treesitter/plugin/nvim-treesitter.lua
084.282  000.721  000.721: sourcing /home/jczhang/.local/share/nvim/site/pack/packer/opt/nvim-ts-rainbow/plugin/rainbow.vim
085.141  000.710  000.710: sourcing /home/jczhang/.local/share/nvim/site/pack/packer/opt/nvim-ts-context-commentstring/plugin/ts_context_commentstring.vim
085.962  000.674  000.674: sourcing /home/jczhang/.local/share/nvim/site/pack/packer/opt/nvim-gps/plugin/nvim-gps.vim
097.238  000.051  000.051: sourcing /home/jczhang/.local/share/nvim/site/pack/packer/opt/vim-matchup/autoload/matchup/unmatchit.vim
097.379  000.008  000.008: sourcing /usr/share/nvim/runtime/plugin/matchparen.vim
097.681  000.211  000.211: sourcing /home/jczhang/.local/share/nvim/site/pack/packer/opt/vim-matchup/autoload/matchup.vim
097.844  000.068  000.068: sourcing /home/jczhang/.local/share/nvim/site/pack/packer/opt/vim-matchup/autoload/matchup/perf.vim
098.490  000.370  000.370: sourcing /home/jczhang/.local/share/nvim/site/pack/packer/opt/vim-matchup/autoload/matchup/loader.vim
098.974  000.349  000.349: sourcing /home/jczhang/.local/share/nvim/site/pack/packer/opt/vim-matchup/autoload/matchup/matchparen.vim
099.683  003.302  002.245: sourcing /home/jczhang/.local/share/nvim/site/pack/packer/opt/vim-matchup/plugin/matchup.vim
099.891  000.027  000.027: sourcing /home/jczhang/.local/share/nvim/site/pack/packer/opt/nvim-treesitter/autoload/nvim_treesitter.vim
101.221  000.009  000.009: sourcing /home/jczhang/.local/share/nvim/site/pack/packer/opt/vim-matchup/after/plugin/matchit.vim
102.110  000.049  000.049: sourcing /usr/share/nvim/runtime/ftplugin/lua.vim
102.475  000.079  000.079: sourcing /home/jczhang/.local/share/nvim/site/pack/packer/opt/vim-matchup/autoload/matchup/util.vim
102.497  000.209  000.130: sourcing /home/jczhang/.local/share/nvim/site/pack/packer/opt/vim-matchup/after/ftplugin/lua_matchup.vim
103.236  000.031  000.031: sourcing /usr/share/nvim/runtime/indent/lua.vim
104.209  000.522  000.522: sourcing /usr/share/nvim/runtime/syntax/lua.vim
118.594  000.070  000.070: sourcing /home/jczhang/.local/share/nvim/site/pack/packer/opt/vim-matchup/autoload/matchup/ts_engine.vim
120.112  000.034  000.034: sourcing /home/jczhang/.local/share/nvim/site/pack/packer/opt/vim-matchup/autoload/matchup/re.vim
121.810  001.282  001.282: sourcing /home/jczhang/.local/share/nvim/site/pack/packer/opt/nvim-ts-autotag/plugin/nvim-ts-autotag.vim
123.788  001.772  001.772: sourcing /home/jczhang/.local/share/nvim/site/pack/packer/opt/nvim-treesitter-textobjects/plugin/nvim-treesitter-textobjects.vim
124.048  000.046  000.046: sourcing /home/jczhang/.local/share/nvim/site/pack/packer/opt/nvim-ts-hint-textobject/plugin/tsht.vim
132.254  002.545  002.545: sourcing /home/jczhang/.local/share/nvim/site/pack/packer/opt/nvim-scrollview/plugin/scrollview.vim
132.648  000.205  000.205: sourcing /home/jczhang/.local/share/nvim/site/pack/packer/opt/vim-eft/plugin/eft.vim
132.774  000.008  000.008: sourcing /home/jczhang/.local/share/nvim/site/pack/packer/opt/vim-illuminate/plugin/illuminate.vim
133.920  000.114  000.114: sourcing /home/jczhang/.local/share/nvim/site/pack/packer/opt/vim-im-select/autoload/im_select.vim
133.965  001.039  000.925: sourcing /home/jczhang/.local/share/nvim/site/pack/packer/opt/vim-im-select/plugin/im_select.vim
143.253  000.142  000.142: sourcing /home/jczhang/.local/share/nvim/site/pack/packer/opt/accelerated-jk/plugin/accelerated-jk.vim
149.157  081.786: opening buffers
151.286  002.128: BufEnter autocommands
151.293  000.007: editing files in windows
152.546  001.253: VimEnter autocommands
152.552  000.006: UIEnter autocommands
152.955  000.197  000.197: sourcing /usr/share/nvim/runtime/autoload/provider/clipboard.vim
152.961  000.212: before starting main loop
159.590  006.629: first screen update
159.595  000.005: --- NVIM STARTED ---


times in msec
 clock   self+sourced   self:  sourced script
 clock   elapsed:              other lines

000.009  000.009: --- NVIM STARTING ---
000.405  000.395: locale set
000.861  000.456: inits 1
000.885  000.024: window checked
000.889  000.004: parsing arguments
004.261  003.372: init lua interpreter
004.494  000.232: expanding arguments
004.523  000.029: inits 2
005.255  000.732: init highlight
005.257  000.002: waiting for UI
006.883  001.626: done waiting for UI
006.927  000.045: init screen for UI
006.960  000.033: init default mappings
007.021  000.060: init default autocommands
008.354  000.095  000.095: sourcing /usr/share/nvim/runtime/ftplugin.vim
008.582  000.048  000.048: sourcing /usr/share/nvim/runtime/indent.vim
008.669  000.020  000.020: sourcing /usr/share/nvim/archlinux.vim
008.675  000.055  000.035: sourcing /etc/xdg/nvim/sysinit.vim
040.449  000.144  000.144: sourcing /home/jczhang/.local/share/nvim/site/pack/packer/opt/vim-go/ftdetect/gofiletype.vim
040.522  000.031  000.031: sourcing /home/jczhang/.local/share/nvim/site/pack/packer/opt/csv.vim/ftdetect/csv.vim
040.604  000.048  000.048: sourcing /home/jczhang/.local/share/nvim/site/pack/packer/opt/rust.vim/ftdetect/rust.vim
048.956  008.246  008.246: sourcing /home/jczhang/.local/share/nvim/site/pack/packer/start/catppuccin/colors/catppuccin.vim
049.160  040.454  031.985: sourcing /home/jczhang/.config/nvim/init.lua
049.172  001.499: sourcing vimrc file(s)
049.333  000.053  000.053: sourcing /home/jczhang/.local/share/nvim/site/pack/packer/start/filetype.nvim/filetype.vim
049.611  000.079  000.079: sourcing /usr/share/nvim/runtime/filetype.lua
049.657  000.021  000.021: sourcing /usr/share/nvim/runtime/filetype.vim
049.996  000.115  000.115: sourcing /usr/share/nvim/runtime/syntax/synload.vim
050.045  000.337  000.221: sourcing /usr/share/nvim/runtime/syntax/syntax.vim
050.563  000.093  000.093: sourcing /usr/share/nvim/runtime/plugin/gzip.vim
050.577  000.005  000.005: sourcing /usr/share/nvim/runtime/plugin/health.vim
050.605  000.021  000.021: sourcing /usr/share/nvim/runtime/plugin/man.vim
050.898  000.132  000.132: sourcing /usr/share/nvim/runtime/pack/dist/opt/matchit/plugin/matchit.vim
050.951  000.338  000.206: sourcing /usr/share/nvim/runtime/plugin/matchit.vim
051.041  000.081  000.081: sourcing /usr/share/nvim/runtime/plugin/matchparen.vim
051.244  000.194  000.194: sourcing /usr/share/nvim/runtime/plugin/netrwPlugin.vim
052.015  000.108  000.108: sourcing /usr/share/nvim/runtime/autoload/remote/host.vim
052.246  000.086  000.086: sourcing /usr/share/nvim/runtime/autoload/remote/define.vim
052.802  001.462  001.268: sourcing /home/jczhang/.local/share/nvim/rplugin.vim
052.813  001.552  000.089: sourcing /usr/share/nvim/runtime/plugin/rplugin.vim
052.871  000.037  000.037: sourcing /usr/share/nvim/runtime/plugin/shada.vim
052.898  000.013  000.013: sourcing /usr/share/nvim/runtime/plugin/spellfile.vim
052.973  000.066  000.066: sourcing /usr/share/nvim/runtime/plugin/tarPlugin.vim
053.037  000.049  000.049: sourcing /usr/share/nvim/runtime/plugin/tohtml.vim
053.056  000.009  000.009: sourcing /usr/share/nvim/runtime/plugin/tutor.vim
053.147  000.082  000.082: sourcing /usr/share/nvim/runtime/plugin/zipPlugin.vim
053.407  000.040  000.040: sourcing /usr/share/nvim/runtime/autoload/provider/pythonx.vim
053.500  000.203  000.162: sourcing /usr/share/nvim/runtime/autoload/provider/python3.vim
053.540  000.320  000.117: sourcing /usr/share/vim/vimfiles/plugin/black.vim
053.870  000.315  000.315: sourcing /usr/share/vim/vimfiles/plugin/fzf.vim
053.931  000.036  000.036: sourcing /usr/share/vim/vimfiles/plugin/redact_pass.vim
054.229  000.284  000.284: sourcing /usr/share/vim/vimfiles/plugin/skim.vim
054.378  001.220: loading rtp plugins
054.543  000.009  000.009: sourcing /home/jczhang/.local/share/nvim/site/pack/packer/start/catppuccin/plugin/ctpcmds.vim
056.529  001.817  001.817: sourcing /home/jczhang/.local/share/nvim/site/pack/packer/start/mason-tool-installer.nvim/plugin/mason-tool-installer.lua
056.704  000.059  000.059: sourcing /home/jczhang/.local/share/nvim/site/pack/packer/start/nvim-dap/plugin/dap.lua
056.831  000.034  000.034: sourcing /home/jczhang/.local/share/nvim/site/pack/packer/start/nvim-web-devicons/plugin/nvim-web-devicons.vim
056.922  000.026  000.026: sourcing /home/jczhang/.local/share/nvim/site/pack/packer/start/plenary.nvim/plugin/plenary.vim
057.014  000.021  000.021: sourcing /home/jczhang/.local/share/nvim/site/pack/packer/start/vimtex/plugin/vimtex.vim
057.095  000.750: loading packages
057.108  000.014: loading after plugins
057.118  000.009: inits 3
057.321  000.203: reading ShaDa
057.787  000.068  000.068: sourcing /home/jczhang/.local/share/nvim/site/pack/packer/opt/accelerated-jk/plugin/accelerated-jk.vim
059.399  002.011: opening buffers
059.431  000.032: BufEnter autocommands
059.433  000.002: editing files in windows
061.801  002.368: VimEnter autocommands
061.804  000.003: UIEnter autocommands
062.062  000.165  000.165: sourcing /usr/share/nvim/runtime/autoload/provider/clipboard.vim
062.068  000.099: before starting main loop
062.267  000.095  000.095: sourcing /home/jczhang/.local/share/nvim/site/pack/packer/opt/vim-cool/plugin/cool.vim
062.420  000.012  000.012: sourcing /home/jczhang/.local/share/nvim/site/pack/packer/opt/specs.nvim/plugin/specs.vim
063.863  001.688: first screen update
063.865  000.002: --- NVIM STARTED ---
